2023-03-05 21:40:39,719 INFO notifyConnectTimeout:200

2023-03-05 21:40:39,725 INFO notifySocketTimeout:8000

2023-03-05 21:40:39,725 INFO isHealthCheck:true

2023-03-05 21:40:39,726 INFO maxHealthCheckFailCount:12

2023-03-05 21:40:39,726 INFO maxContent:10485760

2023-03-05 21:40:41,643 INFO Schema 'NACOS' already exists.

2023-03-05 21:40:41,787 INFO Table/View 'CONFIG_INFO' already exists in Schema 'NACOS'.

2023-03-05 21:40:41,913 INFO Table/View 'HIS_CONFIG_INFO' already exists in Schema 'NACOS'.

2023-03-05 21:40:41,955 INFO Table/View 'CONFIG_INFO_BETA' already exists in Schema 'NACOS'.

2023-03-05 21:40:41,977 INFO Table/View 'CONFIG_INFO_TAG' already exists in Schema 'NACOS'.

2023-03-05 21:40:42,003 INFO Table/View 'CONFIG_INFO_AGGR' already exists in Schema 'NACOS'.

2023-03-05 21:40:42,026 INFO Table/View 'APP_LIST' already exists in Schema 'NACOS'.

2023-03-05 21:40:42,042 INFO Table/View 'APP_CONFIGDATA_RELATION_SUBS' already exists in Schema 'NACOS'.

2023-03-05 21:40:42,057 INFO Table/View 'APP_CONFIGDATA_RELATION_PUBS' already exists in Schema 'NACOS'.

2023-03-05 21:40:42,079 INFO Table/View 'CONFIG_TAGS_RELATION' already exists in Schema 'NACOS'.

2023-03-05 21:40:42,109 INFO Table/View 'GROUP_CAPACITY' already exists in Schema 'NACOS'.

2023-03-05 21:40:42,130 INFO Table/View 'TENANT_CAPACITY' already exists in Schema 'NACOS'.

2023-03-05 21:40:42,153 INFO Table/View 'TENANT_INFO' already exists in Schema 'NACOS'.

2023-03-05 21:40:42,178 INFO Table/View 'USERS' already exists in Schema 'NACOS'.

2023-03-05 21:40:42,199 INFO Table/View 'ROLES' already exists in Schema 'NACOS'.

2023-03-05 21:40:42,216 INFO Table/View 'PERMISSIONS' already exists in Schema 'NACOS'.

2023-03-05 21:40:42,387 INFO The statement was aborted because it would have caused a duplicate key value in a unique or primary key constraint or unique index identified by 'SQL220911161310240' defined on 'USERS'.

2023-03-05 21:40:42,400 INFO The statement was aborted because it would have caused a duplicate key value in a unique or primary key constraint or unique index identified by 'UK_USERNAME_ROLE' defined on 'ROLES'.

2023-03-05 21:40:46,330 INFO ServerListService address-server port:8080

2023-03-05 21:40:46,331 INFO ADDRESS_SERVER_URL:http://jmenv.tbsite.net:8080/nacos/serverlist

2023-03-05 21:40:46,343 WARN [serverlist] updated to [192.168.0.102:8848]

2023-03-05 21:40:46,609 WARN DumpService start

2023-03-05 21:40:46,624 INFO start clear all config-info.

2023-03-05 21:40:46,659 WARN clear all config-info failed.

2023-03-05 21:40:46,660 WARN clear all config-info-tenant failed.

2023-03-05 21:40:46,847 INFO start clear all config-info-beta.

2023-03-05 21:40:46,847 WARN clear all config-info-beta failed.

2023-03-05 21:40:46,847 WARN clear all config-info-beta-tenant failed.

2023-03-05 21:40:46,874 INFO start clear all config-info-tag.

2023-03-05 21:40:46,875 WARN clear all config-info-tag failed.

2023-03-05 21:40:46,876 WARN clear all config-info-tag-tenant failed.

